<?xml version="1.0" encoding="UTF-8"?>
<!-- Generated by org.testng.reporters.JUnitReportReporter -->
<testsuite hostname="LAPTOP-SAYANTANM3" failures="0" tests="4" name="testScenarios.TS4_searchResultCabs" time="2.290" errors="0" timestamp="27 May 2021 12:14:52 GMT">
  <testcase classname="testScenarios.TS4_searchResultCabs" name="selectCarType" time="0.579"/>
  <testcase classname="testScenarios.TS4_searchResultCabs" name="displayLowestPrice" time="0.494"/>
  <testcase classname="testScenarios.TS4_searchResultCabs" name="displayAvailableCars" time="1.019"/>
  <testcase classname="testScenarios.TS4_searchResultCabs" name="filterPrice" time="0.198"/>
</testsuite> <!-- testScenarios.TS4_searchResultCabs -->
