<?xml version="1.0" encoding="UTF-8"?>
<!-- Generated by org.testng.reporters.JUnitReportReporter -->
<testsuite hostname="LAPTOP-SAYANTANM3" failures="0" tests="4" name="testScenarios.TS4_searchResultCabs" time="5.677" errors="0" timestamp="26 May 2021 12:57:59 GMT">
  <testcase classname="testScenarios.TS4_searchResultCabs" name="displayAvailableCars" time="0.902"/>
  <testcase classname="testScenarios.TS4_searchResultCabs" name="selectCarType" time="1.957"/>
  <testcase classname="testScenarios.TS4_searchResultCabs" name="displayLowestPrice" time="2.296"/>
  <testcase classname="testScenarios.TS4_searchResultCabs" name="filterPrice" time="0.522"/>
</testsuite> <!-- testScenarios.TS4_searchResultCabs -->
