<?xml version="1.0" encoding="UTF-8"?>
<!-- Generated by org.testng.reporters.JUnitReportReporter -->
<testsuite hostname="LAPTOP-SAYANTANM3" failures="0" tests="2" name="testScenarios.TS5_groupGifting" time="1.249" errors="0" timestamp="27 May 2021 12:14:52 GMT">
  <testcase classname="testScenarios.TS5_groupGifting" name="selectGroupGifting" time="1.243"/>
  <testcase classname="testScenarios.TS5_groupGifting" name="enterCardDetails" time="0.006"/>
</testsuite> <!-- testScenarios.TS5_groupGifting -->
