<?xml version="1.0" encoding="UTF-8"?>
<!-- Generated by org.testng.reporters.JUnitReportReporter -->
<testsuite hostname="LAPTOP-SAYANTANM3" failures="0" tests="4" name="testScenarios.TS6_bookHotel" time="3.457" errors="0" timestamp="26 May 2021 12:57:59 GMT">
  <testcase classname="testScenarios.TS6_bookHotel" name="enterCheckOutDate" time="0.279"/>
  <testcase classname="testScenarios.TS6_bookHotel" name="selectCity" time="1.470"/>
  <testcase classname="testScenarios.TS6_bookHotel" name="enterCheckInDate" time="1.020"/>
  <testcase classname="testScenarios.TS6_bookHotel" name="enterRooms" time="0.688"/>
</testsuite> <!-- testScenarios.TS6_bookHotel -->
