<?xml version="1.0" encoding="UTF-8"?>
<!-- Generated by org.testng.reporters.JUnitReportReporter -->
<testsuite hostname="LAPTOP-SAYANTANM3" failures="0" tests="1" name="testScenarios.TS2_navigateToGiftCards" time="0.103" errors="0" timestamp="26 May 2021 12:57:59 GMT">
  <testcase classname="testScenarios.TS2_navigateToGiftCards" name="navigateToGiftCard" time="0.103"/>
</testsuite> <!-- testScenarios.TS2_navigateToGiftCards -->
