<?xml version="1.0" encoding="UTF-8"?>
<!-- Generated by org.testng.reporters.JUnitReportReporter -->
<testsuite hostname="LAPTOP-SAYANTANM3" failures="0" tests="7" name="testScenarios.TS3_bookACab" time="4.262" errors="0" timestamp="27 May 2021 12:14:52 GMT">
  <testcase classname="testScenarios.TS3_bookACab" name="selectPickupTime" time="0.292"/>
  <testcase classname="testScenarios.TS3_bookACab" name="enterSameCity" time="0.579"/>
  <testcase classname="testScenarios.TS3_bookACab" name="enterDepartureDate" time="0.384"/>
  <testcase classname="testScenarios.TS3_bookACab" name="enterSourceCity" time="0.939"/>
  <testcase classname="testScenarios.TS3_bookACab" name="selectOneWayBooking" time="0.112"/>
  <testcase classname="testScenarios.TS3_bookACab" name="enterDestinationCity" time="0.465"/>
  <testcase classname="testScenarios.TS3_bookACab" name="clickSearch" time="1.491"/>
</testsuite> <!-- testScenarios.TS3_bookACab -->
