<?xml version="1.0" encoding="UTF-8"?>
<!-- Generated by org.testng.reporters.JUnitReportReporter -->
<testsuite hostname="LAPTOP-SAYANTANM3" failures="0" tests="1" name="testScenarios.TS2_navigateToGiftCards" time="3.076" errors="0" timestamp="27 May 2021 12:14:52 GMT">
  <testcase classname="testScenarios.TS2_navigateToGiftCards" name="navigateToGiftCard" time="3.076"/>
</testsuite> <!-- testScenarios.TS2_navigateToGiftCards -->
