<?xml version="1.0" encoding="UTF-8"?>
<!-- Generated by org.testng.reporters.JUnitReportReporter -->
<testsuite hostname="LAPTOP-SAYANTANM3" failures="0" tests="2" name="testScenarios.TS5_groupGifting" time="5.837" errors="0" timestamp="26 May 2021 12:57:59 GMT">
  <testcase classname="testScenarios.TS5_groupGifting" name="selectGroupGifting" time="5.831"/>
  <testcase classname="testScenarios.TS5_groupGifting" name="enterCardDetails" time="0.006"/>
</testsuite> <!-- testScenarios.TS5_groupGifting -->
