<?xml version="1.0" encoding="UTF-8"?>
<!-- Generated by org.testng.reporters.JUnitReportReporter -->
<testsuite hostname="LAPTOP-SAYANTANM3" failures="0" tests="2" name="testScenarios.TS1_navigateToCabs" time="1.032" errors="0" timestamp="27 May 2021 12:14:52 GMT">
  <testcase classname="testScenarios.TS1_navigateToCabs" name="popUppresent" time="0.143"/>
  <testcase classname="testScenarios.TS1_navigateToCabs" name="navigateToCabs" time="0.889"/>
</testsuite> <!-- testScenarios.TS1_navigateToCabs -->
