<?xml version="1.0" encoding="UTF-8"?>
<!-- Generated by org.testng.reporters.JUnitReportReporter -->
<testsuite hostname="LAPTOP-SAYANTANM3" failures="0" tests="7" name="testScenarios.TS3_bookACab" time="10.628" errors="0" timestamp="26 May 2021 12:57:59 GMT">
  <testcase classname="testScenarios.TS3_bookACab" name="selectPickupTime" time="0.562"/>
  <testcase classname="testScenarios.TS3_bookACab" name="clickSearch" time="3.802"/>
  <testcase classname="testScenarios.TS3_bookACab" name="selectOneWayBooking" time="0.289"/>
  <testcase classname="testScenarios.TS3_bookACab" name="enterDepartureDate" time="1.023"/>
  <testcase classname="testScenarios.TS3_bookACab" name="enterDestinationCity" time="0.823"/>
  <testcase classname="testScenarios.TS3_bookACab" name="enterSourceCity" time="1.373"/>
  <testcase classname="testScenarios.TS3_bookACab" name="enterSameCity" time="2.756"/>
</testsuite> <!-- testScenarios.TS3_bookACab -->
