<?xml version="1.0" encoding="UTF-8"?>
<!-- Generated by org.testng.reporters.JUnitReportReporter -->
<testsuite hostname="LAPTOP-SAYANTANM3" failures="0" tests="4" name="testScenarios.TS6_bookHotel" time="2.467" errors="0" timestamp="27 May 2021 12:14:52 GMT">
  <testcase classname="testScenarios.TS6_bookHotel" name="selectCity" time="1.269"/>
  <testcase classname="testScenarios.TS6_bookHotel" name="enterRooms" time="0.725"/>
  <testcase classname="testScenarios.TS6_bookHotel" name="enterCheckOutDate" time="0.119"/>
  <testcase classname="testScenarios.TS6_bookHotel" name="enterCheckInDate" time="0.354"/>
</testsuite> <!-- testScenarios.TS6_bookHotel -->
